<?xml version="1.0" encoding="UTF-8"?>
<testng-results skipped="0" failed="0" total="1" passed="1">
  <reporter-output>
  </reporter-output>
  <suite name="Default suite" duration-ms="5764" started-at="2017-10-23T23:15:21Z" finished-at="2017-10-23T23:15:27Z">
    <groups>
    </groups>
    <test name="Default test" duration-ms="5764" started-at="2017-10-23T23:15:21Z" finished-at="2017-10-23T23:15:27Z">
      <class name="automationConcepts.Verifications">
        <test-method status="PASS" signature="ExVerifications()[pri:0, instance:automationConcepts.Verifications@59fa1d9b]" name="ExVerifications" duration-ms="5742" started-at="2017-10-23T16:15:21Z" finished-at="2017-10-23T16:15:27Z">
          <reporter-output>
          </reporter-output>
        </test-method> <!-- ExVerifications -->
      </class> <!-- automationConcepts.Verifications -->
    </test> <!-- Default test -->
  </suite> <!-- Default suite -->
</testng-results>
